<?xml version="1.0" encoding="UTF-8"?>
<testng-results skipped="0" failed="0" ignored="0" total="1" passed="1">
  <reporter-output>
  </reporter-output>
  <suite name="Default suite" duration-ms="146327" started-at="2018-10-15T04:38:10Z" finished-at="2018-10-15T04:40:36Z">
    <groups>
    </groups>
    <test name="Default test" duration-ms="146327" started-at="2018-10-15T04:38:10Z" finished-at="2018-10-15T04:40:36Z">
      <class name="testcases.Orders_GuestFlow">
        <test-method status="PASS" signature="beforeSuite()[pri:0, instance:testcases.Orders_GuestFlow@127bd23]" name="beforeSuite" is-config="true" duration-ms="610" started-at="2018-10-15T04:38:09Z" finished-at="2018-10-15T04:38:10Z">
          <reporter-output>
          </reporter-output>
        </test-method> <!-- beforeSuite -->
        <test-method status="PASS" signature="setData()[pri:0, instance:testcases.Orders_GuestFlow@127bd23]" name="setData" is-config="true" duration-ms="1" started-at="2018-10-15T04:38:10Z" finished-at="2018-10-15T04:38:10Z">
          <reporter-output>
          </reporter-output>
        </test-method> <!-- setData -->
        <test-method status="PASS" signature="beforeClass()[pri:0, instance:testcases.Orders_GuestFlow@127bd23]" name="beforeClass" is-config="true" duration-ms="2" started-at="2018-10-15T04:38:10Z" finished-at="2018-10-15T04:38:10Z">
          <reporter-output>
          </reporter-output>
        </test-method> <!-- beforeClass -->
        <test-method status="PASS" signature="beforeMethod()[pri:0, instance:testcases.Orders_GuestFlow@127bd23]" name="beforeMethod" is-config="true" duration-ms="28488" started-at="2018-10-15T04:38:11Z" finished-at="2018-10-15T04:38:39Z">
          <reporter-output>
          </reporter-output>
        </test-method> <!-- beforeMethod -->
        <test-method status="PASS" signature="orders(java.lang.String, java.lang.String, java.lang.String, java.lang.String, java.lang.String, java.lang.String, java.lang.String, java.lang.String, java.lang.String, java.lang.String, java.lang.String, java.lang.String, java.lang.String, java.lang.String)[pri:0, instance:testcases.Orders_GuestFlow@127bd23]" name="orders" duration-ms="115565" started-at="2018-10-15T04:38:39Z" data-provider="fetchData" finished-at="2018-10-15T04:40:35Z">
          <params>
            <param index="0">
              <value>
                <![CDATA[//*[@id='email' and @title='Please enter a valid email address']]]>
              </value>
            </param>
            <param index="1">
              <value>
                <![CDATA[u.arjunkuar@gmail.com]]>
              </value>
            </param>
            <param index="2">
              <value>
                <![CDATA[//*[contains(@id,'phone_number')]]]>
              </value>
            </param>
            <param index="3">
              <value>
                <![CDATA[8007433206]]>
              </value>
            </param>
            <param index="4">
              <value>
                <![CDATA[arjun]]>
              </value>
            </param>
            <param index="5">
              <value>
                <![CDATA[kumar]]>
              </value>
            </param>
            <param index="6">
              <value>
                <![CDATA[California]]>
              </value>
            </param>
            <param index="7">
              <value>
                <![CDATA[San Francisco]]>
              </value>
            </param>
            <param index="8">
              <value>
                <![CDATA[C]]>
              </value>
            </param>
            <param index="9">
              <value>
                <![CDATA[94016]]>
              </value>
            </param>
            <param index="10">
              <value>
                <![CDATA[arjun kumar]]>
              </value>
            </param>
            <param index="11">
              <value>
                <![CDATA[4111111111111111]]>
              </value>
            </param>
            <param index="12">
              <value>
                <![CDATA[2020]]>
              </value>
            </param>
            <param index="13">
              <value>
                <![CDATA[123]]>
              </value>
            </param>
          </params>
          <reporter-output>
          </reporter-output>
        </test-method> <!-- orders -->
        <test-method status="PASS" signature="afterMethod()[pri:0, instance:testcases.Orders_GuestFlow@127bd23]" name="afterMethod" is-config="true" duration-ms="1232" started-at="2018-10-15T04:40:35Z" finished-at="2018-10-15T04:40:36Z">
          <reporter-output>
          </reporter-output>
        </test-method> <!-- afterMethod -->
        <test-method status="PASS" signature="afterTest()[pri:0, instance:testcases.Orders_GuestFlow@127bd23]" name="afterTest" is-config="true" duration-ms="0" started-at="2018-10-15T04:40:36Z" finished-at="2018-10-15T04:40:36Z">
          <reporter-output>
          </reporter-output>
        </test-method> <!-- afterTest -->
        <test-method status="PASS" signature="afterSuite()[pri:0, instance:testcases.Orders_GuestFlow@127bd23]" name="afterSuite" is-config="true" duration-ms="763" started-at="2018-10-15T04:40:36Z" finished-at="2018-10-15T04:40:37Z">
          <reporter-output>
          </reporter-output>
        </test-method> <!-- afterSuite -->
      </class> <!-- testcases.Orders_GuestFlow -->
    </test> <!-- Default test -->
  </suite> <!-- Default suite -->
</testng-results>
